<?xml version="1.0" encoding="UTF-8"?>
<!-- Generated by org.testng.reporters.JUnitXMLReporter -->
<testsuite ignored="0" hostname="LT0055527" failures="0" tests="5" name="Default test" time="193.197" errors="0" timestamp="2020-12-11T10:31:45 IST">
  <testcase classname="enterprise.mobility.Cls_OrderPlacementAtDataEntryStageTest" name="OIMAuthentication" time="26.379"/>
  <testcase classname="enterprise.mobility.Cls_OrderPlacementAtDataEntryStageTest" name="CAFOptionSearch" time="3.508"/>
  <testcase classname="enterprise.mobility.Cls_OrderPlacementAtDataEntryStageTest" name="SelectingCAFType" time="2.029"/>
  <testcase classname="enterprise.mobility.Cls_OrderPlacementAtDataEntryStageTest" name="LocationIDSearch" time="26.144"/>
  <testcase classname="enterprise.mobility.Cls_OrderPlacementAtDataEntryStageTest" name="CAFEntry" time="113.211"/>
</testsuite> <!-- Default test -->
