<?xml version="1.0" encoding="UTF-8"?>
<!-- Generated by org.testng.reporters.JUnitXMLReporter -->
<testsuite ignored="0" hostname="LT0055527" failures="1" tests="5" name="Test" time="79.938" errors="0" timestamp="2020-12-17T16:15:31 IST">
  <testcase classname="enterprise.mobility.Cls_OrderPlacementAtDataEntryStageTest" name="OIMAuthentication" time="5.529"/>
  <testcase classname="enterprise.mobility.Cls_OrderPlacementAtDataEntryStageTest" name="CAFOptionSearch" time="9.605"/>
  <testcase classname="enterprise.mobility.Cls_OrderPlacementAtDataEntryStageTest" name="SelectingCAFType" time="2.689"/>
  <testcase classname="enterprise.mobility.Cls_OrderPlacementAtDataEntryStageTest" name="LocationIDSearch" time="27.0"/>
  <testcase classname="enterprise.mobility.Cls_OrderPlacementAtDataEntryStageTest" name="CAFEntry" time="20.301">
    <failure type="org.openqa.selenium.ElementClickInterceptedException" message="element click intercepted: Element &amp;lt;tr role=&amp;quot;row&amp;quot; tabindex=&amp;quot;-1&amp;quot; id=&amp;quot;idLocationablepos-nodata&amp;quot; class=&amp;quot;sapMLIB sapMListTblRow sapMLIBTypeInactive sapMLIBShowSeparator&amp;quot;&amp;gt;...&amp;lt;/tr&amp;gt; is not clickable at point (682, 380). Other element would receive the click: &amp;lt;div id=&amp;quot;sap-ui-blocklayer-popup&amp;quot; tabindex=&amp;quot;0&amp;quot; class=&amp;quot;sapUiBLy sapMDialogBLyInit&amp;quot; style=&amp;quot;z-index: 128; visibility: visible; display: block;&amp;quot;&amp;gt;&amp;lt;/div&amp;gt;
  (Session info: chrome=84.0.4147.125)
Build info: version: &amp;apos;3.141.59&amp;apos;, revision: &amp;apos;e82be7d358&amp;apos;, time: &amp;apos;2018-11-14T08:17:03&amp;apos;
System info: host: &amp;apos;LT0055527&amp;apos;, ip: &amp;apos;10.25.199.166&amp;apos;, os.name: &amp;apos;Windows 10&amp;apos;, os.arch: &amp;apos;amd64&amp;apos;, os.version: &amp;apos;10.0&amp;apos;, java.version: &amp;apos;15.0.1&amp;apos;
Driver info: org.openqa.selenium.chrome.ChromeDriver
Capabilities {acceptInsecureCerts: false, browserName: chrome, browserVersion: 84.0.4147.125, chrome: {chromedriverVersion: 84.0.4147.30 (48b3e868b4cc0..., userDataDir: C:\Users\ABHAY~1.GAN\AppDat...}, goog:chromeOptions: {debuggerAddress: localhost:61948}, javascriptEnabled: true, networkConnectionEnabled: false, pageLoadStrategy: normal, platform: WINDOWS, platformName: WINDOWS, proxy: Proxy(), setWindowRect: true, strictFileInteractability: false, timeouts: {implicit: 0, pageLoad: 300000, script: 30000}, unhandledPromptBehavior: dismiss and notify, webauthn:virtualAuthenticators: true}
Session ID: 9254a0018fba2b676080da5975c89121">
      <![CDATA[org.openqa.selenium.ElementClickInterceptedException: element click intercepted: Element <tr role="row" tabindex="-1" id="idLocationablepos-nodata" class="sapMLIB sapMListTblRow sapMLIBTypeInactive sapMLIBShowSeparator">...</tr> is not clickable at point (682, 380). Other element would receive the click: <div id="sap-ui-blocklayer-popup" tabindex="0" class="sapUiBLy sapMDialogBLyInit" style="z-index: 128; visibility: visible; display: block;"></div>
  (Session info: chrome=84.0.4147.125)
Build info: version: '3.141.59', revision: 'e82be7d358', time: '2018-11-14T08:17:03'
System info: host: 'LT0055527', ip: '10.25.199.166', os.name: 'Windows 10', os.arch: 'amd64', os.version: '10.0', java.version: '15.0.1'
Driver info: org.openqa.selenium.chrome.ChromeDriver
Capabilities {acceptInsecureCerts: false, browserName: chrome, browserVersion: 84.0.4147.125, chrome: {chromedriverVersion: 84.0.4147.30 (48b3e868b4cc0..., userDataDir: C:\Users\ABHAY~1.GAN\AppDat...}, goog:chromeOptions: {debuggerAddress: localhost:61948}, javascriptEnabled: true, networkConnectionEnabled: false, pageLoadStrategy: normal, platform: WINDOWS, platformName: WINDOWS, proxy: Proxy(), setWindowRect: true, strictFileInteractability: false, timeouts: {implicit: 0, pageLoad: 300000, script: 30000}, unhandledPromptBehavior: dismiss and notify, webauthn:virtualAuthenticators: true}
Session ID: 9254a0018fba2b676080da5975c89121
at org.openqa.selenium.remote.http.W3CHttpResponseCodec.createException(W3CHttpResponseCodec.java:187)
at org.openqa.selenium.remote.http.W3CHttpResponseCodec.decode(W3CHttpResponseCodec.java:122)
at org.openqa.selenium.remote.http.W3CHttpResponseCodec.decode(W3CHttpResponseCodec.java:49)
at org.openqa.selenium.remote.HttpCommandExecutor.execute(HttpCommandExecutor.java:158)
at org.openqa.selenium.remote.service.DriverCommandExecutor.execute(DriverCommandExecutor.java:83)
at org.openqa.selenium.remote.RemoteWebDriver.execute(RemoteWebDriver.java:552)
at org.openqa.selenium.remote.RemoteWebElement.execute(RemoteWebElement.java:285)
at org.openqa.selenium.remote.RemoteWebElement.click(RemoteWebElement.java:84)
at org.openqa.selenium.support.pagefactory.internal.LocatingElementHandler.invoke(LocatingElementHandler.java:51)
at com.sun.proxy.$Proxy25.click(Unknown Source)
at pageObjects.CAFDisplayDetailsPage.setPOSAgentTab(CAFDisplayDetailsPage.java:93)
at enterprise.mobility.Cls_OrderPlacementAtDataEntryStageTest.CAFEntry(Cls_OrderPlacementAtDataEntryStageTest.java:177)
at java.base/java.util.ArrayList.forEach(ArrayList.java:1511)
... Removed 39 stack frames]]>
    </failure>
  </testcase> <!-- CAFEntry -->
</testsuite> <!-- Test -->
