<?xml version="1.0" encoding="UTF-8"?>
<testng-results ignored="0" total="5" passed="4" failed="1" skipped="0">
  <reporter-output>
  </reporter-output>
  <suite started-at="2020-12-17T16:14:11 IST" name="Suite" finished-at="2020-12-17T16:15:31 IST" duration-ms="79938">
    <groups>
    </groups>
    <test started-at="2020-12-17T16:14:11 IST" name="Test" finished-at="2020-12-17T16:15:31 IST" duration-ms="79938">
      <class name="enterprise.mobility.Cls_OrderPlacementAtDataEntryStageTest">
        <test-method is-config="true" signature="testInit()[pri:0, instance:enterprise.mobility.Cls_OrderPlacementAtDataEntryStageTest@58359ebd]" started-at="2020-12-17T16:14:11 IST" name="testInit" finished-at="2020-12-17T16:14:21 IST" duration-ms="10803" status="PASS">
          <reporter-output>
          </reporter-output>
        </test-method> <!-- testInit -->
        <test-method signature="OIMAuthentication()[pri:1, instance:enterprise.mobility.Cls_OrderPlacementAtDataEntryStageTest@58359ebd]" started-at="2020-12-17T16:14:22 IST" name="OIMAuthentication" finished-at="2020-12-17T16:14:27 IST" duration-ms="5529" status="PASS">
          <reporter-output>
          </reporter-output>
        </test-method> <!-- OIMAuthentication -->
        <test-method signature="CAFOptionSearch()[pri:2, instance:enterprise.mobility.Cls_OrderPlacementAtDataEntryStageTest@58359ebd]" started-at="2020-12-17T16:14:27 IST" name="CAFOptionSearch" finished-at="2020-12-17T16:14:37 IST" duration-ms="9605" status="PASS">
          <reporter-output>
          </reporter-output>
        </test-method> <!-- CAFOptionSearch -->
        <test-method signature="SelectingCAFType()[pri:3, instance:enterprise.mobility.Cls_OrderPlacementAtDataEntryStageTest@58359ebd]" started-at="2020-12-17T16:14:37 IST" name="SelectingCAFType" finished-at="2020-12-17T16:14:39 IST" duration-ms="2689" status="PASS">
          <reporter-output>
          </reporter-output>
        </test-method> <!-- SelectingCAFType -->
        <test-method signature="LocationIDSearch()[pri:4, instance:enterprise.mobility.Cls_OrderPlacementAtDataEntryStageTest@58359ebd]" started-at="2020-12-17T16:14:39 IST" name="LocationIDSearch" finished-at="2020-12-17T16:15:06 IST" duration-ms="27000" status="PASS">
          <reporter-output>
          </reporter-output>
        </test-method> <!-- LocationIDSearch -->
        <test-method signature="CAFEntry()[pri:5, instance:enterprise.mobility.Cls_OrderPlacementAtDataEntryStageTest@58359ebd]" started-at="2020-12-17T16:15:06 IST" name="CAFEntry" finished-at="2020-12-17T16:15:27 IST" depends-on-methods="enterprise.mobility.Cls_OrderPlacementAtDataEntryStageTest.LocationIDSearch" duration-ms="20301" status="FAIL">
          <exception class="org.openqa.selenium.ElementClickInterceptedException">
            <message>
              <![CDATA[element click intercepted: Element <tr role="row" tabindex="-1" id="idLocationablepos-nodata" class="sapMLIB sapMListTblRow sapMLIBTypeInactive sapMLIBShowSeparator">...</tr> is not clickable at point (682, 380). Other element would receive the click: <div id="sap-ui-blocklayer-popup" tabindex="0" class="sapUiBLy sapMDialogBLyInit" style="z-index: 128; visibility: visible; display: block;"></div>
  (Session info: chrome=84.0.4147.125)
Build info: version: '3.141.59', revision: 'e82be7d358', time: '2018-11-14T08:17:03'
System info: host: 'LT0055527', ip: '10.25.199.166', os.name: 'Windows 10', os.arch: 'amd64', os.version: '10.0', java.version: '15.0.1'
Driver info: org.openqa.selenium.chrome.ChromeDriver
Capabilities {acceptInsecureCerts: false, browserName: chrome, browserVersion: 84.0.4147.125, chrome: {chromedriverVersion: 84.0.4147.30 (48b3e868b4cc0..., userDataDir: C:\Users\ABHAY~1.GAN\AppDat...}, goog:chromeOptions: {debuggerAddress: localhost:61948}, javascriptEnabled: true, networkConnectionEnabled: false, pageLoadStrategy: normal, platform: WINDOWS, platformName: WINDOWS, proxy: Proxy(), setWindowRect: true, strictFileInteractability: false, timeouts: {implicit: 0, pageLoad: 300000, script: 30000}, unhandledPromptBehavior: dismiss and notify, webauthn:virtualAuthenticators: true}
Session ID: 9254a0018fba2b676080da5975c89121]]>
            </message>
            <full-stacktrace>
              <![CDATA[org.openqa.selenium.ElementClickInterceptedException: element click intercepted: Element <tr role="row" tabindex="-1" id="idLocationablepos-nodata" class="sapMLIB sapMListTblRow sapMLIBTypeInactive sapMLIBShowSeparator">...</tr> is not clickable at point (682, 380). Other element would receive the click: <div id="sap-ui-blocklayer-popup" tabindex="0" class="sapUiBLy sapMDialogBLyInit" style="z-index: 128; visibility: visible; display: block;"></div>
  (Session info: chrome=84.0.4147.125)
Build info: version: '3.141.59', revision: 'e82be7d358', time: '2018-11-14T08:17:03'
System info: host: 'LT0055527', ip: '10.25.199.166', os.name: 'Windows 10', os.arch: 'amd64', os.version: '10.0', java.version: '15.0.1'
Driver info: org.openqa.selenium.chrome.ChromeDriver
Capabilities {acceptInsecureCerts: false, browserName: chrome, browserVersion: 84.0.4147.125, chrome: {chromedriverVersion: 84.0.4147.30 (48b3e868b4cc0..., userDataDir: C:\Users\ABHAY~1.GAN\AppDat...}, goog:chromeOptions: {debuggerAddress: localhost:61948}, javascriptEnabled: true, networkConnectionEnabled: false, pageLoadStrategy: normal, platform: WINDOWS, platformName: WINDOWS, proxy: Proxy(), setWindowRect: true, strictFileInteractability: false, timeouts: {implicit: 0, pageLoad: 300000, script: 30000}, unhandledPromptBehavior: dismiss and notify, webauthn:virtualAuthenticators: true}
Session ID: 9254a0018fba2b676080da5975c89121
at java.base/jdk.internal.reflect.NativeConstructorAccessorImpl.newInstance0(Native Method)
at java.base/jdk.internal.reflect.NativeConstructorAccessorImpl.newInstance(NativeConstructorAccessorImpl.java:64)
at java.base/jdk.internal.reflect.DelegatingConstructorAccessorImpl.newInstance(DelegatingConstructorAccessorImpl.java:45)
at java.base/java.lang.reflect.Constructor.newInstanceWithCaller(Constructor.java:500)
at java.base/java.lang.reflect.Constructor.newInstance(Constructor.java:481)
at org.openqa.selenium.remote.http.W3CHttpResponseCodec.createException(W3CHttpResponseCodec.java:187)
at org.openqa.selenium.remote.http.W3CHttpResponseCodec.decode(W3CHttpResponseCodec.java:122)
at org.openqa.selenium.remote.http.W3CHttpResponseCodec.decode(W3CHttpResponseCodec.java:49)
at org.openqa.selenium.remote.HttpCommandExecutor.execute(HttpCommandExecutor.java:158)
at org.openqa.selenium.remote.service.DriverCommandExecutor.execute(DriverCommandExecutor.java:83)
at org.openqa.selenium.remote.RemoteWebDriver.execute(RemoteWebDriver.java:552)
at org.openqa.selenium.remote.RemoteWebElement.execute(RemoteWebElement.java:285)
at org.openqa.selenium.remote.RemoteWebElement.click(RemoteWebElement.java:84)
at jdk.internal.reflect.GeneratedMethodAccessor1.invoke(Unknown Source)
at java.base/jdk.internal.reflect.DelegatingMethodAccessorImpl.invoke(DelegatingMethodAccessorImpl.java:43)
at java.base/java.lang.reflect.Method.invoke(Method.java:564)
at org.openqa.selenium.support.pagefactory.internal.LocatingElementHandler.invoke(LocatingElementHandler.java:51)
at com.sun.proxy.$Proxy25.click(Unknown Source)
at pageObjects.CAFDisplayDetailsPage.setPOSAgentTab(CAFDisplayDetailsPage.java:93)
at enterprise.mobility.Cls_OrderPlacementAtDataEntryStageTest.CAFEntry(Cls_OrderPlacementAtDataEntryStageTest.java:177)
at java.base/jdk.internal.reflect.NativeMethodAccessorImpl.invoke0(Native Method)
at java.base/jdk.internal.reflect.NativeMethodAccessorImpl.invoke(NativeMethodAccessorImpl.java:64)
at java.base/jdk.internal.reflect.DelegatingMethodAccessorImpl.invoke(DelegatingMethodAccessorImpl.java:43)
at java.base/java.lang.reflect.Method.invoke(Method.java:564)
at org.testng.internal.MethodInvocationHelper.invokeMethod(MethodInvocationHelper.java:132)
at org.testng.internal.TestInvoker.invokeMethod(TestInvoker.java:599)
at org.testng.internal.TestInvoker.invokeTestMethod(TestInvoker.java:174)
at org.testng.internal.MethodRunner.runInSequence(MethodRunner.java:46)
at org.testng.internal.TestInvoker$MethodInvocationAgent.invoke(TestInvoker.java:822)
at org.testng.internal.TestInvoker.invokeTestMethods(TestInvoker.java:147)
at org.testng.internal.TestMethodWorker.invokeTestMethods(TestMethodWorker.java:146)
at org.testng.internal.TestMethodWorker.run(TestMethodWorker.java:128)
at java.base/java.util.ArrayList.forEach(ArrayList.java:1511)
at org.testng.TestRunner.privateRun(TestRunner.java:764)
at org.testng.TestRunner.run(TestRunner.java:585)
at org.testng.SuiteRunner.runTest(SuiteRunner.java:384)
at org.testng.SuiteRunner.runSequentially(SuiteRunner.java:378)
at org.testng.SuiteRunner.privateRun(SuiteRunner.java:337)
at org.testng.SuiteRunner.run(SuiteRunner.java:286)
at org.testng.SuiteRunnerWorker.runSuite(SuiteRunnerWorker.java:53)
at org.testng.SuiteRunnerWorker.run(SuiteRunnerWorker.java:96)
at org.testng.TestNG.runSuitesSequentially(TestNG.java:1218)
at org.testng.TestNG.runSuitesLocally(TestNG.java:1140)
at org.testng.TestNG.runSuites(TestNG.java:1069)
at org.testng.TestNG.run(TestNG.java:1037)
at org.apache.maven.surefire.testng.TestNGExecutor.run(TestNGExecutor.java:284)
at org.apache.maven.surefire.testng.TestNGXmlTestSuite.execute(TestNGXmlTestSuite.java:75)
at org.apache.maven.surefire.testng.TestNGProvider.invoke(TestNGProvider.java:119)
at org.apache.maven.surefire.booter.ForkedBooter.runSuitesInProcess(ForkedBooter.java:428)
at org.apache.maven.surefire.booter.ForkedBooter.execute(ForkedBooter.java:162)
at org.apache.maven.surefire.booter.ForkedBooter.run(ForkedBooter.java:562)
at org.apache.maven.surefire.booter.ForkedBooter.main(ForkedBooter.java:548)
]]>
            </full-stacktrace>
          </exception> <!-- org.openqa.selenium.ElementClickInterceptedException -->
          <reporter-output>
          </reporter-output>
        </test-method> <!-- CAFEntry -->
        <test-method is-config="true" signature="testTerminate()[pri:0, instance:enterprise.mobility.Cls_OrderPlacementAtDataEntryStageTest@58359ebd]" started-at="2020-12-17T16:15:27 IST" name="testTerminate" finished-at="2020-12-17T16:15:31 IST" duration-ms="3245" status="PASS">
          <reporter-output>
          </reporter-output>
        </test-method> <!-- testTerminate -->
      </class> <!-- enterprise.mobility.Cls_OrderPlacementAtDataEntryStageTest -->
    </test> <!-- Test -->
  </suite> <!-- Suite -->
</testng-results>
