<?xml version="1.0" encoding="UTF-8"?>
<testsuite xmlns:xsi="http://www.w3.org/2001/XMLSchema-instance" xsi:noNamespaceSchemaLocation="https://maven.apache.org/surefire/maven-surefire-plugin/xsd/surefire-test-report-3.0.xsd" version="3.0" name="TestSuite" time="83.71" tests="5" errors="0" skipped="0" failures="1">
  <properties>
[...]
</properties>
  <testcase name="OIMAuthentication" classname="enterprise.mobility.Cls_OrderPlacementAtDataEntryStageTest" time="5.502">
    <system-out><![CDATA[[TestNGContentHandler] [WARN] It is strongly recommended to add "<!DOCTYPE suite SYSTEM "https://testng.org/testng-1.0.dtd" >" at the top of your file, otherwise TestNG may fail or not work as expected.
]]></system-out>
    <system-err><![CDATA[Starting ChromeDriver 84.0.4147.30 (48b3e868b4cc0aa7e8149519690b6f6949e110a8-refs/branch-heads/4147@{#310}) on port 24454
Only local connections are allowed.
Please see https://chromedriver.chromium.org/security-considerations for suggestions on keeping ChromeDriver safe.
ChromeDriver was started successfully.
Dec 17, 2020 4:14:17 PM org.openqa.selenium.remote.ProtocolHandshake createSession
INFO: Detected dialect: W3C
]]></system-err>
  </testcase>
  <testcase name="CAFOptionSearch" classname="enterprise.mobility.Cls_OrderPlacementAtDataEntryStageTest" time="9.6"/>
  <testcase name="SelectingCAFType" classname="enterprise.mobility.Cls_OrderPlacementAtDataEntryStageTest" time="2.69"/>
  <testcase name="LocationIDSearch" classname="enterprise.mobility.Cls_OrderPlacementAtDataEntryStageTest" time="27"/>
  <testcase name="CAFEntry" classname="enterprise.mobility.Cls_OrderPlacementAtDataEntryStageTest" time="21.003">
    <failure message="element click intercepted: Element &lt;tr role=&quot;row&quot; tabindex=&quot;-1&quot; id=&quot;idLocationablepos-nodata&quot; class=&quot;sapMLIB sapMListTblRow sapMLIBTypeInactive sapMLIBShowSeparator&quot;&gt;...&lt;/tr&gt; is not clickable at point (682, 380). Other element would receive the click: &lt;div id=&quot;sap-ui-blocklayer-popup&quot; tabindex=&quot;0&quot; class=&quot;sapUiBLy sapMDialogBLyInit&quot; style=&quot;z-index: 128; visibility: visible; display: block;&quot;&gt;&lt;/div&gt;&#10;  (Session info: chrome=84.0.4147.125)&#10;Build info: version: &apos;3.141.59&apos;, revision: &apos;e82be7d358&apos;, time: &apos;2018-11-14T08:17:03&apos;&#10;System info: host: &apos;LT0055527&apos;, ip: &apos;10.25.199.166&apos;, os.name: &apos;Windows 10&apos;, os.arch: &apos;amd64&apos;, os.version: &apos;10.0&apos;, java.version: &apos;15.0.1&apos;&#10;Driver info: org.openqa.selenium.chrome.ChromeDriver&#10;Capabilities {acceptInsecureCerts: false, browserName: chrome, browserVersion: 84.0.4147.125, chrome: {chromedriverVersion: 84.0.4147.30 (48b3e868b4cc0..., userDataDir: C:\Users\ABHAY~1.GAN\AppDat...}, goog:chromeOptions: {debuggerAddress: localhost:61948}, javascriptEnabled: true, networkConnectionEnabled: false, pageLoadStrategy: normal, platform: WINDOWS, platformName: WINDOWS, proxy: Proxy(), setWindowRect: true, strictFileInteractability: false, timeouts: {implicit: 0, pageLoad: 300000, script: 30000}, unhandledPromptBehavior: dismiss and notify, webauthn:virtualAuthenticators: true}&#10;Session ID: 9254a0018fba2b676080da5975c89121" type="org.openqa.selenium.ElementClickInterceptedException"><![CDATA[org.openqa.selenium.ElementClickInterceptedException: 
element click intercepted: Element <tr role="row" tabindex="-1" id="idLocationablepos-nodata" class="sapMLIB sapMListTblRow sapMLIBTypeInactive sapMLIBShowSeparator">...</tr> is not clickable at point (682, 380). Other element would receive the click: <div id="sap-ui-blocklayer-popup" tabindex="0" class="sapUiBLy sapMDialogBLyInit" style="z-index: 128; visibility: visible; display: block;"></div>
  (Session info: chrome=84.0.4147.125)
Build info: version: '3.141.59', revision: 'e82be7d358', time: '2018-11-14T08:17:03'
System info: host: 'LT0055527', ip: '10.25.199.166', os.name: 'Windows 10', os.arch: 'amd64', os.version: '10.0', java.version: '15.0.1'
Driver info: org.openqa.selenium.chrome.ChromeDriver
Capabilities {acceptInsecureCerts: false, browserName: chrome, browserVersion: 84.0.4147.125, chrome: {chromedriverVersion: 84.0.4147.30 (48b3e868b4cc0..., userDataDir: C:\Users\ABHAY~1.GAN\AppDat...}, goog:chromeOptions: {debuggerAddress: localhost:61948}, javascriptEnabled: true, networkConnectionEnabled: false, pageLoadStrategy: normal, platform: WINDOWS, platformName: WINDOWS, proxy: Proxy(), setWindowRect: true, strictFileInteractability: false, timeouts: {implicit: 0, pageLoad: 300000, script: 30000}, unhandledPromptBehavior: dismiss and notify, webauthn:virtualAuthenticators: true}
Session ID: 9254a0018fba2b676080da5975c89121
	at enterprise.mobility.Cls_OrderPlacementAtDataEntryStageTest.CAFEntry(Cls_OrderPlacementAtDataEntryStageTest.java:177)
]]></failure>
  </testcase>
</testsuite>