<?xml version="1.0" encoding="UTF-8"?>
<testng-results ignored="0" total="5" passed="4" failed="1" skipped="0">
  <reporter-output>
  </reporter-output>
  <suite started-at="2020-12-17T16:20:45 IST" name="Suite" finished-at="2020-12-17T16:23:45 IST" duration-ms="179675">
    <groups>
    </groups>
    <test started-at="2020-12-17T16:20:45 IST" name="Test" finished-at="2020-12-17T16:23:45 IST" duration-ms="179675">
      <class name="enterprise.mobility.Cls_OrderPlacementAtDataEntryStageTest">
        <test-method is-config="true" signature="testInit()[pri:0, instance:enterprise.mobility.Cls_OrderPlacementAtDataEntryStageTest@3234f74e]" started-at="2020-12-17T16:20:45 IST" name="testInit" finished-at="2020-12-17T16:20:59 IST" duration-ms="13361" status="PASS">
          <reporter-output>
          </reporter-output>
        </test-method> <!-- testInit -->
        <test-method signature="OIMAuthentication()[pri:1, instance:enterprise.mobility.Cls_OrderPlacementAtDataEntryStageTest@3234f74e]" started-at="2020-12-17T16:20:59 IST" name="OIMAuthentication" finished-at="2020-12-17T16:21:04 IST" duration-ms="5150" status="PASS">
          <reporter-output>
          </reporter-output>
        </test-method> <!-- OIMAuthentication -->
        <test-method signature="CAFOptionSearch()[pri:2, instance:enterprise.mobility.Cls_OrderPlacementAtDataEntryStageTest@3234f74e]" started-at="2020-12-17T16:21:04 IST" name="CAFOptionSearch" finished-at="2020-12-17T16:21:15 IST" duration-ms="11004" status="PASS">
          <reporter-output>
          </reporter-output>
        </test-method> <!-- CAFOptionSearch -->
        <test-method signature="SelectingCAFType()[pri:3, instance:enterprise.mobility.Cls_OrderPlacementAtDataEntryStageTest@3234f74e]" started-at="2020-12-17T16:21:15 IST" name="SelectingCAFType" finished-at="2020-12-17T16:21:17 IST" duration-ms="2603" status="PASS">
          <reporter-output>
          </reporter-output>
        </test-method> <!-- SelectingCAFType -->
        <test-method signature="LocationIDSearch()[pri:4, instance:enterprise.mobility.Cls_OrderPlacementAtDataEntryStageTest@3234f74e]" started-at="2020-12-17T16:21:17 IST" name="LocationIDSearch" finished-at="2020-12-17T16:21:42 IST" duration-ms="24476" status="PASS">
          <reporter-output>
          </reporter-output>
        </test-method> <!-- LocationIDSearch -->
        <test-method signature="CAFEntry()[pri:5, instance:enterprise.mobility.Cls_OrderPlacementAtDataEntryStageTest@3234f74e]" started-at="2020-12-17T16:21:42 IST" name="CAFEntry" finished-at="2020-12-17T16:23:41 IST" depends-on-methods="enterprise.mobility.Cls_OrderPlacementAtDataEntryStageTest.LocationIDSearch" duration-ms="118708" status="FAIL">
          <exception class="java.lang.NullPointerException">
            <message>
              <![CDATA[Cannot invoke "com.aventstack.extentreports.ExtentTest.log(com.aventstack.extentreports.Status, String)" because the return value of "java.lang.ThreadLocal.get()" is null]]>
            </message>
            <full-stacktrace>
              <![CDATA[java.lang.NullPointerException: Cannot invoke "com.aventstack.extentreports.ExtentTest.log(com.aventstack.extentreports.Status, String)" because the return value of "java.lang.ThreadLocal.get()" is null
at enterprise.mobility.Listeners.logCAFNumber(Listeners.java:82)
at enterprise.mobility.Cls_OrderPlacementAtDataEntryStageTest.CAFEntry(Cls_OrderPlacementAtDataEntryStageTest.java:237)
at java.base/jdk.internal.reflect.NativeMethodAccessorImpl.invoke0(Native Method)
at java.base/jdk.internal.reflect.NativeMethodAccessorImpl.invoke(NativeMethodAccessorImpl.java:64)
at java.base/jdk.internal.reflect.DelegatingMethodAccessorImpl.invoke(DelegatingMethodAccessorImpl.java:43)
at java.base/java.lang.reflect.Method.invoke(Method.java:564)
at org.testng.internal.MethodInvocationHelper.invokeMethod(MethodInvocationHelper.java:132)
at org.testng.internal.TestInvoker.invokeMethod(TestInvoker.java:599)
at org.testng.internal.TestInvoker.invokeTestMethod(TestInvoker.java:174)
at org.testng.internal.MethodRunner.runInSequence(MethodRunner.java:46)
at org.testng.internal.TestInvoker$MethodInvocationAgent.invoke(TestInvoker.java:822)
at org.testng.internal.TestInvoker.invokeTestMethods(TestInvoker.java:147)
at org.testng.internal.TestMethodWorker.invokeTestMethods(TestMethodWorker.java:146)
at org.testng.internal.TestMethodWorker.run(TestMethodWorker.java:128)
at java.base/java.util.ArrayList.forEach(ArrayList.java:1511)
at org.testng.TestRunner.privateRun(TestRunner.java:764)
at org.testng.TestRunner.run(TestRunner.java:585)
at org.testng.SuiteRunner.runTest(SuiteRunner.java:384)
at org.testng.SuiteRunner.runSequentially(SuiteRunner.java:378)
at org.testng.SuiteRunner.privateRun(SuiteRunner.java:337)
at org.testng.SuiteRunner.run(SuiteRunner.java:286)
at org.testng.SuiteRunnerWorker.runSuite(SuiteRunnerWorker.java:53)
at org.testng.SuiteRunnerWorker.run(SuiteRunnerWorker.java:96)
at org.testng.TestNG.runSuitesSequentially(TestNG.java:1218)
at org.testng.TestNG.runSuitesLocally(TestNG.java:1140)
at org.testng.TestNG.runSuites(TestNG.java:1069)
at org.testng.TestNG.run(TestNG.java:1037)
at org.testng.remote.AbstractRemoteTestNG.run(AbstractRemoteTestNG.java:115)
at org.testng.remote.RemoteTestNG.initAndRun(RemoteTestNG.java:251)
at org.testng.remote.RemoteTestNG.main(RemoteTestNG.java:77)
]]>
            </full-stacktrace>
          </exception> <!-- java.lang.NullPointerException -->
          <reporter-output>
          </reporter-output>
        </test-method> <!-- CAFEntry -->
        <test-method is-config="true" signature="testTerminate()[pri:0, instance:enterprise.mobility.Cls_OrderPlacementAtDataEntryStageTest@3234f74e]" started-at="2020-12-17T16:23:42 IST" name="testTerminate" finished-at="2020-12-17T16:23:45 IST" duration-ms="3256" status="PASS">
          <reporter-output>
          </reporter-output>
        </test-method> <!-- testTerminate -->
      </class> <!-- enterprise.mobility.Cls_OrderPlacementAtDataEntryStageTest -->
    </test> <!-- Test -->
  </suite> <!-- Suite -->
</testng-results>
